app/build/intermediates/manifest_merge_blame_file/debug/manifest-merger-blame-debug-report.txt
1<?xml version="1.0" encoding="utf-8"?>
2<manifest xmlns:android="http://schemas.android.com/apk/res/android"
3    package="com.example.modelfashion"
4    android:versionCode="1"
5    android:versionName="1.0" >
6
7    <uses-sdk
8        android:minSdkVersion="21"
8-->src\main\AndroidManifest.xml
9        android:targetSdkVersion="31" />
9-->src\main\AndroidManifest.xml
10
11    <uses-permission android:name="android.permission.INTERNET" />
11-->src\main\AndroidManifest.xml:5:5-67
11-->src\main\AndroidManifest.xml:5:22-64
12    <uses-permission android:name="android.permission.READ_EXTERNAL_STORAGE" />
12-->src\main\AndroidManifest.xml:6:5-80
12-->src\main\AndroidManifest.xml:6:22-77
13    <uses-permission android:name="android.permission.CAMERA" />
13-->src\main\AndroidManifest.xml:7:5-65
13-->src\main\AndroidManifest.xml:7:22-62
14    <uses-permission android:name="android.permission.ACCESS_WIFI_STATE" />
14-->src\main\AndroidManifest.xml:8:5-76
14-->src\main\AndroidManifest.xml:8:22-73
15    <uses-permission android:name="android.permission.ACCESS_NETWORK_STATE" />
15-->src\main\AndroidManifest.xml:9:5-79
15-->src\main\AndroidManifest.xml:9:22-76
16    <uses-permission android:name="android.permission.INTERNET" />
16-->src\main\AndroidManifest.xml:5:5-67
16-->src\main\AndroidManifest.xml:5:22-64
17    <uses-permission android:name="android.permission.WRITE_EXTERNAL_STORAGE" />
17-->src\main\AndroidManifest.xml:11:5-81
17-->src\main\AndroidManifest.xml:11:22-78
18    <uses-permission android:name="com.google.android.finsky.permission.BIND_GET_INSTALL_REFERRER_SERVICE" />
18-->[com.android.installreferrer:installreferrer:1.0] AndroidManifest.xml:9:5-110
18-->[com.android.installreferrer:installreferrer:1.0] AndroidManifest.xml:9:22-107
19
20    <application
20-->src\main\AndroidManifest.xml:13:5-60:19
21        android:allowBackup="true"
21-->src\main\AndroidManifest.xml:14:9-35
22        android:appComponentFactory="androidx.core.app.CoreComponentFactory"
22-->[androidx.core:core:1.7.0] AndroidManifest.xml:24:18-86
23        android:debuggable="true"
24        android:icon="@drawable/logo"
24-->src\main\AndroidManifest.xml:15:9-38
25        android:label="@string/app_name"
25-->src\main\AndroidManifest.xml:16:9-41
26        android:requestLegacyExternalStorage="true"
26-->src\main\AndroidManifest.xml:17:9-52
27        android:roundIcon="@mipmap/ic_launcher_round"
27-->src\main\AndroidManifest.xml:18:9-54
28        android:supportsRtl="true"
28-->src\main\AndroidManifest.xml:19:9-35
29        android:testOnly="true"
30        android:theme="@style/Theme.ModelFashion"
30-->src\main\AndroidManifest.xml:20:9-50
31        android:usesCleartextTraffic="true" >
31-->src\main\AndroidManifest.xml:21:9-44
32        <activity
32-->src\main\AndroidManifest.xml:22:9-24:40
33            android:name="com.example.modelfashion.Activity.SignIn.SignUpActivity"
33-->src\main\AndroidManifest.xml:23:13-59
34            android:exported="false" />
34-->src\main\AndroidManifest.xml:24:13-37
35        <activity
35-->src\main\AndroidManifest.xml:25:9-34:20
36            android:name="com.example.modelfashion.Activity.SplashActivity"
36-->src\main\AndroidManifest.xml:26:13-52
37            android:exported="true"
37-->src\main\AndroidManifest.xml:27:13-36
38            android:noHistory="true" >
38-->src\main\AndroidManifest.xml:28:13-37
39            <intent-filter>
39-->src\main\AndroidManifest.xml:29:13-33:29
40                <action android:name="android.intent.action.MAIN" />
40-->src\main\AndroidManifest.xml:30:17-69
40-->src\main\AndroidManifest.xml:30:25-66
41
42                <category android:name="android.intent.category.LAUNCHER" />
42-->src\main\AndroidManifest.xml:32:17-77
42-->src\main\AndroidManifest.xml:32:27-74
43            </intent-filter>
44        </activity>
45        <activity
45-->src\main\AndroidManifest.xml:35:9-37:38
46            android:name="com.example.modelfashion.Activity.SignIn.SignInActivity"
46-->src\main\AndroidManifest.xml:36:13-59
47            android:exported="true" />
47-->src\main\AndroidManifest.xml:37:13-36
48        <activity
48-->src\main\AndroidManifest.xml:38:9-40:38
49            android:name="com.example.modelfashion.History.ViewHistory.HistoryActivity"
49-->src\main\AndroidManifest.xml:39:13-64
50            android:exported="true" />
50-->src\main\AndroidManifest.xml:40:13-36
51        <activity
51-->src\main\AndroidManifest.xml:41:9-43:39
52            android:name="com.example.modelfashion.Activity.ProfileActivity"
52-->src\main\AndroidManifest.xml:42:13-53
53            android:exported="true" />
53-->src\main\AndroidManifest.xml:43:13-36
54        <activity
54-->src\main\AndroidManifest.xml:44:9-47:39
55            android:name="com.example.modelfashion.Activity.MainActivity"
55-->src\main\AndroidManifest.xml:45:13-50
56            android:configChanges="orientation|screenSize"
56-->src\main\AndroidManifest.xml:46:13-59
57            android:exported="true" />
57-->src\main\AndroidManifest.xml:47:13-36
58        <activity
58-->src\main\AndroidManifest.xml:48:9-51:39
59            android:name="com.example.modelfashion.OrderStatus.ViewOrderStatus.OrderStatusActivity"
59-->src\main\AndroidManifest.xml:49:13-76
60            android:configChanges="orientation|screenSize"
60-->src\main\AndroidManifest.xml:50:13-59
61            android:exported="true" />
61-->src\main\AndroidManifest.xml:51:13-36
62        <activity
62-->src\main\AndroidManifest.xml:52:9-55:39
63            android:name="com.example.modelfashion.History.ViewHistory.DetailHistoryActivity"
63-->src\main\AndroidManifest.xml:53:13-70
64            android:configChanges="orientation|screenSize"
64-->src\main\AndroidManifest.xml:54:13-59
65            android:exported="true" />
65-->src\main\AndroidManifest.xml:55:13-36
66        <activity
66-->src\main\AndroidManifest.xml:56:9-59:39
67            android:name="com.example.modelfashion.Activity.ProductDetailActivity"
67-->src\main\AndroidManifest.xml:57:13-59
68            android:configChanges="orientation|screenSize"
68-->src\main\AndroidManifest.xml:58:13-59
69            android:exported="true" />
69-->src\main\AndroidManifest.xml:59:13-36
70
71        <provider
71-->[gun0912.ted:tedbottompicker:2.0.1] AndroidManifest.xml:14:9-22:20
72            android:name="androidx.core.content.FileProvider"
72-->[gun0912.ted:tedbottompicker:2.0.1] AndroidManifest.xml:15:13-62
73            android:authorities="com.example.modelfashion.provider"
73-->[gun0912.ted:tedbottompicker:2.0.1] AndroidManifest.xml:16:13-60
74            android:exported="false"
74-->[gun0912.ted:tedbottompicker:2.0.1] AndroidManifest.xml:17:13-37
75            android:grantUriPermissions="true" >
75-->[gun0912.ted:tedbottompicker:2.0.1] AndroidManifest.xml:18:13-47
76            <meta-data
76-->[gun0912.ted:tedbottompicker:2.0.1] AndroidManifest.xml:19:13-21:58
77                android:name="android.support.FILE_PROVIDER_PATHS"
77-->[gun0912.ted:tedbottompicker:2.0.1] AndroidManifest.xml:20:17-67
78                android:resource="@xml/provider_paths" />
78-->[gun0912.ted:tedbottompicker:2.0.1] AndroidManifest.xml:21:17-55
79        </provider>
80
81        <activity
81-->[com.facebook.android:facebook-common:6.5.1] AndroidManifest.xml:30:9-33:66
82            android:name="com.facebook.FacebookActivity"
82-->[com.facebook.android:facebook-common:6.5.1] AndroidManifest.xml:31:13-57
83            android:configChanges="keyboard|keyboardHidden|screenLayout|screenSize|orientation"
83-->[com.facebook.android:facebook-common:6.5.1] AndroidManifest.xml:32:13-96
84            android:theme="@style/com_facebook_activity_theme" />
84-->[com.facebook.android:facebook-common:6.5.1] AndroidManifest.xml:33:13-63
85        <activity android:name="com.facebook.CustomTabMainActivity" />
85-->[com.facebook.android:facebook-common:6.5.1] AndroidManifest.xml:34:9-71
85-->[com.facebook.android:facebook-common:6.5.1] AndroidManifest.xml:34:19-68
86        <activity
86-->[com.facebook.android:facebook-common:6.5.1] AndroidManifest.xml:35:9-49:20
87            android:name="com.facebook.CustomTabActivity"
87-->[com.facebook.android:facebook-common:6.5.1] AndroidManifest.xml:36:13-58
88            android:exported="true" >
88-->[com.facebook.android:facebook-common:6.5.1] AndroidManifest.xml:37:13-36
89            <intent-filter>
89-->[com.facebook.android:facebook-common:6.5.1] AndroidManifest.xml:39:13-48:29
90                <action android:name="android.intent.action.VIEW" />
90-->[com.facebook.android:facebook-common:6.5.1] AndroidManifest.xml:40:17-69
90-->[com.facebook.android:facebook-common:6.5.1] AndroidManifest.xml:40:25-66
91
92                <category android:name="android.intent.category.DEFAULT" />
92-->[com.facebook.android:facebook-common:6.5.1] AndroidManifest.xml:42:17-76
92-->[com.facebook.android:facebook-common:6.5.1] AndroidManifest.xml:42:27-73
93                <category android:name="android.intent.category.BROWSABLE" />
93-->[com.facebook.android:facebook-common:6.5.1] AndroidManifest.xml:43:17-78
93-->[com.facebook.android:facebook-common:6.5.1] AndroidManifest.xml:43:27-75
94
95                <data
95-->[com.facebook.android:facebook-common:6.5.1] AndroidManifest.xml:45:17-47:50
96                    android:host="cct.com.example.modelfashion"
96-->[com.facebook.android:facebook-common:6.5.1] AndroidManifest.xml:46:21-56
97                    android:scheme="fbconnect" />
97-->[com.facebook.android:facebook-common:6.5.1] AndroidManifest.xml:47:21-47
98            </intent-filter>
99        </activity>
100        <activity
100-->[gun0912.ted:tedonactivityresult:1.0.6] AndroidManifest.xml:10:9-14:75
101            android:name="com.gun0912.tedonactivityresult.ProxyActivity"
101-->[gun0912.ted:tedonactivityresult:1.0.6] AndroidManifest.xml:11:13-73
102            android:configChanges="mcc|mnc|locale|keyboard|keyboardHidden|screenLayout|fontScale|uiMode|orientation|screenSize|layoutDirection"
102-->[gun0912.ted:tedonactivityresult:1.0.6] AndroidManifest.xml:12:13-144
103            android:screenOrientation="unspecified"
103-->[gun0912.ted:tedonactivityresult:1.0.6] AndroidManifest.xml:13:13-52
104            android:theme="@style/android:Theme.Translucent.NoTitleBar" />
104-->[gun0912.ted:tedonactivityresult:1.0.6] AndroidManifest.xml:14:13-72
105        <activity
105-->[io.github.ParkSangGwon:tedpermission:3.3.0] AndroidManifest.xml:10:9-14:67
106            android:name="com.gun0912.tedpermission.TedPermissionActivity"
106-->[io.github.ParkSangGwon:tedpermission:3.3.0] AndroidManifest.xml:11:13-75
107            android:configChanges="mcc|mnc|locale|keyboard|keyboardHidden|screenLayout|fontScale|uiMode|orientation|screenSize|layoutDirection"
107-->[io.github.ParkSangGwon:tedpermission:3.3.0] AndroidManifest.xml:12:13-144
108            android:screenOrientation="unspecified"
108-->[io.github.ParkSangGwon:tedpermission:3.3.0] AndroidManifest.xml:13:13-52
109            android:theme="@style/Theme.Transparent.Permission" />
109-->[io.github.ParkSangGwon:tedpermission:3.3.0] AndroidManifest.xml:14:13-64
110
111        <provider
111-->[io.github.ParkSangGwon:tedpermission:3.3.0] AndroidManifest.xml:16:9-19:40
112            android:name="com.gun0912.tedpermission.provider.TedPermissionProvider"
112-->[io.github.ParkSangGwon:tedpermission:3.3.0] AndroidManifest.xml:17:13-84
113            android:authorities="com.example.modelfashion.tedpermissionprovider"
113-->[io.github.ParkSangGwon:tedpermission:3.3.0] AndroidManifest.xml:18:13-73
114            android:exported="false" />
114-->[io.github.ParkSangGwon:tedpermission:3.3.0] AndroidManifest.xml:19:13-37
115
116        <activity
116-->[com.google.android.gms:play-services-base:17.6.0] AndroidManifest.xml:23:9-26:75
117            android:name="com.google.android.gms.common.api.GoogleApiActivity"
117-->[com.google.android.gms:play-services-base:17.6.0] AndroidManifest.xml:24:13-79
118            android:exported="false"
118-->[com.google.android.gms:play-services-base:17.6.0] AndroidManifest.xml:25:13-37
119            android:theme="@android:style/Theme.Translucent.NoTitleBar" />
119-->[com.google.android.gms:play-services-base:17.6.0] AndroidManifest.xml:26:13-72
120
121        <meta-data
121-->[com.google.android.gms:play-services-basement:17.6.0] AndroidManifest.xml:23:9-25:69
122            android:name="com.google.android.gms.version"
122-->[com.google.android.gms:play-services-basement:17.6.0] AndroidManifest.xml:24:13-58
123            android:value="@integer/google_play_services_version" />
123-->[com.google.android.gms:play-services-basement:17.6.0] AndroidManifest.xml:25:13-66
124
125        <provider
125-->[androidx.emoji2:emoji2:1.0.0] AndroidManifest.xml:26:9-34:20
126            android:name="androidx.startup.InitializationProvider"
126-->[androidx.emoji2:emoji2:1.0.0] AndroidManifest.xml:27:13-67
127            android:authorities="com.example.modelfashion.androidx-startup"
127-->[androidx.emoji2:emoji2:1.0.0] AndroidManifest.xml:28:13-68
128            android:exported="false" >
128-->[androidx.emoji2:emoji2:1.0.0] AndroidManifest.xml:29:13-37
129            <meta-data
129-->[androidx.emoji2:emoji2:1.0.0] AndroidManifest.xml:31:13-33:52
130                android:name="androidx.emoji2.text.EmojiCompatInitializer"
130-->[androidx.emoji2:emoji2:1.0.0] AndroidManifest.xml:32:17-75
131                android:value="androidx.startup" />
131-->[androidx.emoji2:emoji2:1.0.0] AndroidManifest.xml:33:17-49
132            <meta-data
132-->[androidx.lifecycle:lifecycle-process:2.4.0] AndroidManifest.xml:31:13-33:52
133                android:name="androidx.lifecycle.ProcessLifecycleInitializer"
133-->[androidx.lifecycle:lifecycle-process:2.4.0] AndroidManifest.xml:32:17-78
134                android:value="androidx.startup" />
134-->[androidx.lifecycle:lifecycle-process:2.4.0] AndroidManifest.xml:33:17-49
135        </provider>
136        <!--
137         The initialization ContentProvider will call FacebookSdk.sdkInitialize automatically
138         with the application context. This config is merged in with the host app's manifest,
139         but there can only be one provider with the same authority activated at any given
140         point; so if the end user has two or more different apps that use Facebook SDK, only the
141         first one will be able to use the provider. To work around this problem, we use the
142         following placeholder in the authority to identify each host application as if it was
143         a completely different provider.
144        -->
145        <provider
145-->[com.facebook.android:facebook-core:6.5.1] AndroidManifest.xml:39:9-42:40
146            android:name="com.facebook.internal.FacebookInitProvider"
146-->[com.facebook.android:facebook-core:6.5.1] AndroidManifest.xml:40:13-70
147            android:authorities="com.example.modelfashion.FacebookInitProvider"
147-->[com.facebook.android:facebook-core:6.5.1] AndroidManifest.xml:41:13-72
148            android:exported="false" />
148-->[com.facebook.android:facebook-core:6.5.1] AndroidManifest.xml:42:13-37
149
150        <receiver
150-->[com.facebook.android:facebook-core:6.5.1] AndroidManifest.xml:44:9-50:20
151            android:name="com.facebook.CurrentAccessTokenExpirationBroadcastReceiver"
151-->[com.facebook.android:facebook-core:6.5.1] AndroidManifest.xml:45:13-86
152            android:exported="false" >
152-->[com.facebook.android:facebook-core:6.5.1] AndroidManifest.xml:46:13-37
153            <intent-filter>
153-->[com.facebook.android:facebook-core:6.5.1] AndroidManifest.xml:47:13-49:29
154                <action android:name="com.facebook.sdk.ACTION_CURRENT_ACCESS_TOKEN_CHANGED" />
154-->[com.facebook.android:facebook-core:6.5.1] AndroidManifest.xml:48:17-95
154-->[com.facebook.android:facebook-core:6.5.1] AndroidManifest.xml:48:25-92
155            </intent-filter>
156        </receiver>
157    </application>
158
159</manifest>